make[1]: Entering directory '/u/enrique/cs-370/src/Sanity_Checks'
g++ -std=c++17 -pthread -I../../googletest/googletest/include -I/usr/local/include   -c -o test_chaining.o test_chaining.cpp
In file included from test_chaining.cpp:1:
./test_header.h:4:10: fatal error: gtest/gtest.h: No such file or directory
    4 | #include <gtest/gtest.h>
      |          ^~~~~~~~~~~~~~~
compilation terminated.
make[1]: *** [<builtin>: test_chaining.o] Error 1
make[1]: Leaving directory '/u/enrique/cs-370/src/Sanity_Checks'
